<?xml version="1.0" encoding="UTF-8"?>
<!-- Generated by org.testng.reporters.JUnitReportReporter -->
<testsuite hostname="OTA-120" name="com.ece.com.Shalima" tests="1" failures="0" timestamp="3 Jun 2014 14:59:58 GMT" time="80.213" errors="0">
  <testcase name="testUntitled" time="80.213" classname="com.ece.com.Shalima"/>
</testsuite> <!-- com.ece.com.Shalima -->
